[*] Opening connection to mathwhiz_c951d46fed68687ad93a84e702800b7a.quals.shallweplayaga.me on port 21249: 
[*] Opening connection to mathwhiz_c951d46fed68687ad93a84e702800b7a.quals.shallweplayaga.me on port 21249: Trying 52.5.61.71
[+] Opening connection to mathwhiz_c951d46fed68687ad93a84e702800b7a.quals.shallweplayaga.me on port 21249: Done
RECV 3 - 2 =
SEND 1

RECV 2 - 1 =
SEND 1

RECV 1 + 2 =
SEND 3

RECV 2 - 1 =
SEND 1

RECV 1 + 1 =
SEND 2

RECV 3 - 1 =
SEND 2

RECV 2 - 1 =
SEND 1

RECV 3 - 2 =
SEND 1

RECV 1 + 1 =
SEND 2

RECV 3 - 1 =
SEND 2

RECV 1 + 1 + 1 =
SEND 3

RECV 3 + 2 - 3 =
SEND 2

RECV 2 + 2 - 2 =
SEND 2

RECV 3 - 1 =
SEND 2

RECV 3 - 1 + 1 =
SEND 3

RECV 1 + 3 - 2 =
SEND 2

RECV 2 + 2 - 3 =
SEND 1

RECV 3 - 3 + 2 =
SEND 2

RECV 3 + 2 - 2 =
SEND 3

RECV 1 + 3 - 1 =
SEND 3

RECV 3 - 1 + 1 =
SEND 3

RECV 3 - 2 + 2 =
SEND 3

RECV 1 - 2 + 1 + 3 =
SEND 3

RECV 3 + 2 - 2 =
SEND 3

RECV 2 - 2 + 2 =
SEND 2

RECV 3 - 1 - 1 =
SEND 1

RECV 3 - 2 =
SEND 1

RECV 1 + 2 - 2 =
SEND 1

RECV 3 + 1 - 1 - 1 =
SEND 2

RECV 1 + 2 =
SEND 3

RECV 2 - 2 + 2 + 1 =
SEND 3

RECV 2 - 3 + 2 + 1 =
SEND 2

RECV 2 + 1 + 1 - 3 =
SEND 1

RECV 3 - 1 =
SEND 2

RECV 1 + 2 - 1 =
SEND 2

RECV 2 - 1 =
SEND 1

RECV 3 + 3 - 3 - 1 =
SEND 2

RECV 3 - 1 - 1 =
SEND 1

RECV 2 - 3 + 2 + 1 =
SEND 2

RECV 3 - 3 - 2 + 3 =
SEND 1

RECV 2 + 1 - 2 =
SEND 1

RECV 2 + 1 - 1 =
SEND 2

RECV 3 + 1 - 1 - 1 =
SEND 2

RECV 2 + 2 - 1 - 1 =
SEND 2

RECV 3 - 1 + 1 - 1 =
SEND 2

RECV 1 + 2 - 1 =
SEND 2

RECV 2 + 1 - 2 =
SEND 1

RECV 2 - 1 - 1 + 3 =
SEND 3

RECV 2 - 3 + 2 =
SEND 1

RECV 1 - 1 + 2 =
SEND 2

RECV 3 + 3 - 3 - 2 =
SEND 1

RECV 1 - 1 - 1 + 2 =
SEND 1

RECV 3 + 2 - 3 + 1 =
SEND 3

RECV 1 + 1 =
SEND 2

RECV 2 - 1 + 3 - 2 =
SEND 2

RECV 3 + (3 - 3) - 1 =
SEND 2

RECV 1 - 1 + 1 + 1 =
SEND 2

RECV 3 + 2 - 2 - 2 =
SEND 1

RECV 1 - 1 + 2 =
SEND 2

RECV 3 + 2 - 2 - 2 =
SEND 1

RECV 1 - 1 + 1 + 1 =
SEND 2

RECV 1 + 3 - 3 =
SEND 1

RECV 3 + 2 - 3 =
SEND 2

RECV 2 + 1 - 2 =
SEND 1

RECV 2 - 3 + 2 + 1 =
SEND 2

RECV 3 + (3 - 3) - 1 =
SEND 2

RECV 2 - 3 + 2 + 2 =
SEND 3

RECV 3 - 3 - 2 + 3 =
SEND 1

RECV 1 + 3 - 1 =
SEND 3

RECV 3 - 2 + 2 - 1 =
SEND 2

RECV 2 + 1 + 2 - 3 =
SEND 2

RECV 1 + 1 =
SEND 2

RECV 1 + 1 =
SEND 2

RECV 2 - 2 + 2 =
SEND 2

RECV 2 + 2 - 1 =
SEND 3

RECV 3 + 3 - 3 - 2 =
SEND 1

RECV 3 + 2 - 2 - 2 =
SEND 1

RECV 2 + 1 + 1 - 2 =
SEND 2

RECV 2 + 1 + 2 - 3 =
SEND 2

RECV 2 + 2 - 1 =
SEND 3

RECV 3 - 2 =
SEND 1

RECV 1 + 1 + 1 - 1 =
SEND 2

RECV 3 - 1 =
SEND 2

RECV 3 + 2 - 2 - 2 =
SEND 1

RECV 1 - 1 + 1 + 1 =
SEND 2

RECV 2 - 1 + 3 - 2 =
SEND 2

RECV 3 + 3 - 3 - 2 =
SEND 1

RECV 3 - 2 + 2 =
SEND 3

RECV 2 - 1 + 2 =
SEND 3

RECV 1 + 2 - 1 =
SEND 2

RECV 3 + 1 - 3 =
SEND 1

RECV 3 - (1 - 1) - 1 =
SEND 2

RECV 1 - 1 - 1 + 2 =
SEND 1

RECV 2 - 3 + 2 + 1 =
SEND 2

RECV 3 - 3 + 1 =
SEND 1

RECV 1 - 1 + 2 =
SEND 2

RECV 3 - 2 + 2 - 1 =
SEND 2

RECV 1 + 2 =
SEND 3

RECV 3 - 1 - 1 =
SEND 1

RECV 2 + 2 - 3 =
SEND 1

RECV 3 + 2 - 2 - 2 =
SEND 1

RECV (3 - 3) + 1 + 2 =
SEND 3

RECV 3 - 3 - 2 + 3 =
SEND 1

RECV 2 + 2 - 1 - 1 =
SEND 2

RECV 2 - 2 + 2 + 1 =
SEND 3

RECV 1 + 2 - 2 =
SEND 1

RECV 3 - 3 + 2 =
SEND 2

RECV 2 + 2 - 2 + 1 =
SEND 3

RECV 2 + 2 - 1 - 1 =
SEND 2

RECV 3 + 2 - 2 =
SEND 3

RECV 3 - 2 + 2 - 1 =
SEND 2

RECV 2 + 2 - 1 - 1 =
SEND 2

RECV 3 + 3 - 3 - 1 =
SEND 2

RECV 3 - 2 + 2 =
SEND 3

RECV 1 + 3 - 2 =
SEND 2

RECV 2 + 2 - 1 - 1 =
SEND 2

RECV (3 - 3) + 1 + 2 =
SEND 3

RECV 3 + (3 - 3) - 1 =
SEND 2

RECV 3 - 2 + 2 =
SEND 3

RECV 1-(1+1)+2 =
SEND 1

RECV 1 + 3 - 1 =
SEND 3

RECV 1 - 1 - 1 + 2 =
SEND 1

RECV 2 - 1 - 1 + 3 =
SEND 3

RECV 1 + 2 =
SEND 3

RECV 3 + 2 - 2 =
SEND 3

RECV 1 + 1 - 1 + 1 =
SEND 2

RECV 1 - 1 + 2 + 1 =
SEND 3

RECV 2 + 2 - 3 + 1 =
SEND 2

RECV 1 - 1 + 1 + 1 =
SEND 2

RECV 1 + 2 =
SEND 3

RECV 1 + 1 + 1 - 1 =
SEND 2

RECV 2 - 2 + 2 + 1 =
SEND 3

RECV 2 - 1 =
SEND 1

RECV 3 - 1 + 1 =
SEND 3

RECV 1 + 1 - 1 + 1 =
SEND 2

RECV 2 - 3 + 1 + 1 =
SEND 1

RECV 3 + 2 - 3 =
SEND 2

RECV 3 + (3 - 3) - 1 =
SEND 2

RECV 2 - 1 + 3 - 2 =
SEND 2

RECV 2 - 2 + 2 =
SEND 2

RECV 3 - 3 + 2 =
SEND 2

RECV 1 - 2 + 1 + 3 =
SEND 3

RECV 3 + 2 - 2 =
SEND 3

RECV 3 + 1 - 3 =
SEND 1

RECV 3 - 2 =
SEND 1

RECV 2 + 2 - 3 + 1 =
SEND 2

RECV 2 + 1 - 1 =
SEND 2

RECV 2 + [2 - 1] =
SEND 3

RECV 2 - 3 + 2 + 1 =
SEND 2

RECV 2 - 3 + 1 + 1 =
SEND 1

RECV 2 + 2 - 1 - 1 =
SEND 2

RECV 2 + 1 - 1 =
SEND 2

RECV THREE - TWO =
SEND 1

RECV 3 - 1 + 1 =
SEND 3

RECV 3 - (3 + 1) + 2 =
SEND 1

RECV 1 - 2 + 1 + 3 =
SEND 3

RECV 3 - 1 + 1 - 1 =
SEND 2

RECV 2 + {2 - 1} =
SEND 3

RECV 2 - 3 + 2 + 2 =
SEND 3

RECV 2 - 1 + 1 =
SEND 2

RECV 3 - (3 + 1) + 2 =
SEND 1

RECV 1 + 2 - 1 =
SEND 2

RECV 2 + 1 - 2 =
SEND 1

RECV 2 + 1 =
SEND 3

RECV THREE - (ONE + ONE) =
SEND 1

RECV THREE - ONE =
SEND 2

RECV 2 - 3 + 2 + 1 =
SEND 2

RECV THREE - TWO =
SEND 1

RECV 3 - 1 =
SEND 2

RECV 2 + 1 + 1 - 3 =
SEND 1

RECV 2 + 2 - 3 =
SEND 1

RECV 2 - 1 + 3 - 2 =
SEND 2

RECV 1 - 1 + 1 + 1 =
SEND 2

RECV 3 + 1 - 3 =
SEND 1

RECV 1 + 1 + 1 =
SEND 3

RECV 1-(1+1)+2 =
SEND 1

RECV 3 + 2 - 3 + 1 =
SEND 3

RECV 3 - 3 + 2 =
SEND 2

RECV 3 + 2 - 2 - 2 =
SEND 1

RECV 1 + 2 - 1 =
SEND 2

RECV 3 + 2 - 2 - 1 =
SEND 2

RECV 1 + 1 + 1 =
SEND 3

RECV 3 - 1 + 1 =
SEND 3

RECV 3 - 2 + 2 - 1 =
SEND 2

RECV 2 + 2 - 2 + 1 =
SEND 3

RECV 1 + 2 =
SEND 3

RECV 3 - 1 + 1 =
SEND 3

RECV 1 + 1 + 1 - 1 =
SEND 2

RECV THREE - (ONE + ONE) =
SEND 1

RECV 3 - 1 - 1 + 1 =
SEND 2

RECV 3 - 1 + 1 - 1 =
SEND 2

RECV (1 + 2) =
SEND 3

RECV THREE - TWO =
SEND 1

RECV 2 + 1 =
SEND 3

RECV 1-(1+1)+2 =
SEND 1

RECV 2 + {2 - 1} =
SEND 3

RECV 3 - 2 =
SEND 1

RECV 1 + 1 + 1 - 1 =
SEND 2

RECV 3 - (3 + 1) + 2 =
SEND 1

RECV 3 - 1 =
SEND 2

RECV 3 + 2 - 3 =
SEND 2

RECV 3 - (3 + 1) + 2 =
SEND 1

RECV 1 + 1 + 1 =
SEND 3

RECV 3 - 3 - 2 + 3 =
SEND 1

RECV 3 + 3 - 3 - 2 =
SEND 1

RECV 2 + 2 - 1 - 1 =
SEND 2

RECV 3 - 1 - 1 =
SEND 1

RECV 3 + 2 - 2 =
SEND 3

RECV (3 - 3) + 1 + 2 =
SEND 3

RECV 3 - 2 + 2 - 1 =
SEND 2

RECV 2 - 1 + 1 =
SEND 2

RECV 3 - (1 - 1) - 1 =
SEND 2

RECV 3 + 3 - 3 - 2 =
SEND 1

RECV 3 + 1 - 3 =
SEND 1

RECV 3 - 1 - 1 + 1 =
SEND 2

RECV 2 - 2 + 2 =
SEND 2

RECV 3 + 2 - 2 - 2 =
SEND 1

RECV 3 - 1 =
SEND 2

RECV TWO + ONE - TWO =
SEND 1

RECV 2 - 1 + 1 =
SEND 2

RECV ONE + TWO =
SEND 3

RECV 1 - 1 + 1 + 1 =
SEND 2

RECV 3^2 - 2 - ( 3 + 1) =
SEND 3

RECV 3 - 2 + 2 =
SEND 3

RECV 3 - 3 - 2 + 3 =
SEND 1

RECV 2 + 2 - 1 =
SEND 3

RECV 1 + 3 - 1 =
SEND 3

RECV 2 + 1 =
SEND 3

RECV 1 - 1 - 1 + 2 =
SEND 1

RECV 3 + 1 - 1 - 1 =
SEND 2

RECV 3 - 1 + 1 - 1 =
SEND 2

RECV 3 + (3 - 3) - 1 =
SEND 2

RECV TWO + ONE - TWO =
SEND 1

RECV 2 + 1 + 1 - 3 =
SEND 1

RECV 2 + {2 - 1} =
SEND 3

RECV 3 - 3 - 2 + 3 =
SEND 1

RECV 3 + 2 - 2 =
SEND 3

RECV 3^2 - 2^3 =
SEND 1

RECV 2 - 3 + 2 =
SEND 1

RECV 3 - 1 - 1 =
SEND 1

RECV 1 + 2 =
SEND 3

RECV 3 - 2 =
SEND 1

RECV ONE + TWO =
SEND 3

RECV 3 - 1 + 1 - 1 =
SEND 2

RECV 2 + 1 + 1 - 2 =
SEND 2

RECV 3 - 1 - 1 =
SEND 1

RECV 1 - 2 + 1 + 3 =
SEND 3

RECV 3 + 1 - 1 - 1 =
SEND 2

RECV 1 - 2 + 1 + 3 =
SEND 3

RECV 1 + 1 + 1 =
SEND 3

RECV 1 + 1 + 1 =
SEND 3

RECV 1 + 3 - 2 =
SEND 2

RECV 2 - 2 + 2 =
SEND 2

RECV 1 + 3 - 1 =
SEND 3

RECV 3 - 2 =
SEND 1

RECV 3 + 2 - 3 =
SEND 2

RECV 3 - 1 - 1 =
SEND 1

RECV 3 + (3 - 3) - 1 =
SEND 2

RECV 1 + 1 + 1 =
SEND 3

RECV 2 - 2 + 2 + 1 =
SEND 3

RECV TWO + ONE - TWO =
SEND 1

RECV 2 + 1 + 1 - 3 =
SEND 1

RECV 3 + 2 - 2 - 2 =
SEND 1

RECV 2 + [2 - 1] =
SEND 3

RECV 2 + 2 - 3 =
SEND 1

RECV 1 + 2 =
SEND 3

RECV TWO + ONE - TWO =
SEND 1

RECV 3 - (3 + 1) + 2 =
SEND 1

RECV 1 + 1 =
SEND 2

RECV 2 + 2 - 3 + 1 =
SEND 2

RECV THREE - ONE =
SEND 2

RECV 3 + 1 - 1 =
SEND 3

RECV 3 - 3 - 2 + 3 =
SEND 1

RECV 3 + 2 - 2 =
SEND 3

RECV 2 + 2 - 1 =
SEND 3

RECV 2 + 2 - 1 =
SEND 3

RECV 3 + 3 - 3 - 1 =
SEND 2

RECV 3 + 2 - 2 - 2 =
SEND 1

RECV 3^2 - 2^3 =
SEND 1

RECV 3 - 2 + 2 =
SEND 3

RECV 2 + 1 + 1 - 3 =
SEND 1

RECV 3 - (1 - 1) - 1 =
SEND 2

RECV 2 - 1 =
SEND 1

RECV THREE - TWO =
SEND 1

RECV 3 - 2 + 2 =
SEND 3

RECV 1 + 1 =
SEND 2

RECV 2 + 2 - 2 =
SEND 2

RECV 2 - 1 + 1 =
SEND 2

RECV 2 + 2 - 1 =
SEND 3

RECV 2 + 1 - 1 =
SEND 2

RECV 2 + 1 - 2 =
SEND 1

RECV 3 - 1 + 1 =
SEND 3

RECV 3 + 3 - 3 - 2 =
SEND 1

RECV 1 + 1 + 1 - 1 =
SEND 2

RECV 1 - 2 + 1 + 3 =
SEND 3

RECV 2 - 2 + 2 =
SEND 2

RECV 1 - 1 + 2 + 1 =
SEND 3

RECV 1 + 1 + 1 - 1 =
SEND 2

RECV 1 + 2 - 2 =
SEND 1

RECV 2 - 2 + 2 + 1 =
SEND 3

RECV 1 - 1 + 1 + 1 =
SEND 2

RECV 1 - 2 + 1 + 3 =
SEND 3

RECV 2 + 1 =
SEND 3

RECV 2 + 2 - 2 =
SEND 2

RECV 3 + 3 - 3 - 1 =
SEND 2

RECV 2 - 1 + 1 =
SEND 2

RECV 3 + (3 - 3) - 1 =
SEND 2

RECV 1-(1+1)+2 =
SEND 1

RECV 1 - 1 + 2 + 1 =
SEND 3

RECV 3 - 1 + 1 =
SEND 3

RECV 3 - 1 - 1 =
SEND 1

RECV 1 - 1 + 2 + 1 =
SEND 3

RECV 3 - 2 =
SEND 1

RECV 3 + 1 - 1 =
SEND 3

RECV 3 - (1 - 1) - 1 =
SEND 2

RECV 2 + 2 - 2 + 1 =
SEND 3

RECV 2 - 3 + 1 + 1 =
SEND 1

RECV 1 - 1 + 2 + 1 =
SEND 3

RECV 3^2 - 2^3 =
SEND 1

RECV 3 + (3 - 3) - 1 =
SEND 2

RECV 2 + 1 + 1 - 2 =
SEND 2

RECV 3 + 1 - 2 =
SEND 2

RECV 1 + 1 + 1 - 1 =
SEND 2

RECV 3 + 3 - 3 - 1 =
SEND 2

RECV 3 + 2 - 2 - 2 =
SEND 1

RECV THREE - ONE =
SEND 2

RECV 1 + 1 + 1 - 1 =
SEND 2

RECV 2 + 1 + 2 - 3 =
SEND 2

RECV 3 + 2 - 2 - 2 =
SEND 1

RECV 2 + 1 + 1 - 3 =
SEND 1

RECV 1 + 2 - 1 =
SEND 2

RECV 3 + 1 - 2 =
SEND 2

RECV 1 - 1 + 2 + 1 =
SEND 3

RECV 2 - 3 + 2 + 2 =
SEND 3

RECV (1 + 2) =
SEND 3

RECV 2 + 2 - 1 - 1 =
SEND 2

RECV 2 - 2 + 2 =
SEND 2

RECV 3 - 2 =
SEND 1

RECV 1 - 2 + 1 + 3 =
SEND 3

RECV 3 - 1 + 1 =
SEND 3

RECV 3 + 2 - 2 =
SEND 3

RECV 2 - 3 + 2 + 2 =
SEND 3

RECV 3 + 3 - 3 - 2 =
SEND 1

RECV 3 - 3 - 2 + 3 =
SEND 1

RECV 3 - 1 - 1 =
SEND 1

RECV 2 - 1 - 1 + 3 =
SEND 3

RECV 2 - 1 + 1 =
SEND 2

RECV 1 + 1 =
SEND 2

RECV 3 - 2 =
SEND 1

RECV 2 - 3 + 2 =
SEND 1

RECV 2 + 1 - 2 =
SEND 1

RECV 1 + 1 =
SEND 2

RECV THREE - (ONE + ONE) =
SEND 1

RECV 3 + 1 - 1 - 1 =
SEND 2

RECV 3 + 2 - 2 - 2 =
SEND 1

RECV 1 + 1 =
SEND 2

RECV 3 - 2 =
SEND 1

RECV 2 + 2 - 3 =
SEND 1

RECV 2 + 2 - 1 - 1 =
SEND 2

RECV (1 + 2) =
SEND 3

RECV 3 - 1 + 1 =
SEND 3

RECV 1 + 2 - 2 =
SEND 1

RECV 1 - 1 - 1 + 2 =
SEND 1

RECV 3 + 3 - 3 - 2 =
SEND 1

RECV 3 + 2 - 3 + 1 =
SEND 3

RECV 2 + 2 - 2 + 1 =
SEND 3

RECV 3 + 2 - 3 + 1 =
SEND 3

RECV 2 + 1 =
SEND 3

RECV 3 - 2 + 2 - 1 =
SEND 2

RECV 3 + 2 - 2 =
SEND 3

RECV 2 + 1 - 2 =
SEND 1

RECV 2 - 1 + 1 =
SEND 2

RECV 3 - 1 + 1 =
SEND 3

RECV 3 + 2 - 3 =
SEND 2

RECV 3^2 - 2 - ( 3 + 1) =
SEND 3

RECV 2 - 3 + 2 =
SEND 1

RECV ONE + TWO =
SEND 3

RECV 3 + 3 - 3 - 2 =
SEND 1

RECV 3 + 2 - 3 + 1 =
SEND 3

RECV 2 - 1 + 1 =
SEND 2

RECV 1 + 1 + 1 =
SEND 3

RECV 3 - 1 =
SEND 2

RECV 3 - 3 + 2 =
SEND 2

RECV 3 + 2 - 3 =
SEND 2

RECV 3 + 1 - 1 =
SEND 3

RECV 1 + 2 - 1 =
SEND 2

RECV 3 + (3 - 3) - 1 =
SEND 2

RECV 1 - 1 + 2 =
SEND 2

RECV 3 + 2 - 3 + 1 =
SEND 3

RECV (3 - 3) + 1 + 2 =
SEND 3

RECV 2 - 1 + 2 =
SEND 3

RECV 3 - 3 + 1 =
SEND 1

RECV 2 - 1 =
SEND 1

RECV 3 + 1 - 3 =
SEND 1

RECV 1 + 1 - 1 + 1 =
SEND 2

RECV 1 + 2 - 2 =
SEND 1

RECV 3 - (3 + 1) + 2 =
SEND 1

RECV 2 + 2 - 3 =
SEND 1

RECV 2 + 1 + 1 - 2 =
SEND 2

RECV THREE - TWO =
SEND 1

RECV 3 - (3 + 1) + 2 =
SEND 1

RECV 2 + {2 - 1} =
SEND 3

RECV 3 + 2 - 2 =
SEND 3

RECV 1 + 2 =
SEND 3

RECV 3 - 3 - 2 + 3 =
SEND 1

RECV 2 + 2 - 3 + 1 =
SEND 2

RECV 3 + 2 - 2 - 2 =
SEND 1

RECV 2 - 3 + 2 + 2 =
SEND 3

RECV 3 - 3 + 1 =
SEND 1

RECV 2 - 1 + 3 - 2 =
SEND 2

RECV ONE + TWO =
SEND 3

RECV 3 - 1 + 1 - 1 =
SEND 2

RECV 2 - 1 + 3 - 2 =
SEND 2

RECV 3 - 2 + 2 - 1 =
SEND 2

RECV 2 - 3 + 2 + 1 =
SEND 2

RECV 2 + 2 - 1 - 1 =
SEND 2

RECV 2 + 2 - 3 =
SEND 1

RECV 3 - 1 - 1 + 1 =
SEND 2

RECV 1 + 2 - 2 =
SEND 1

RECV TWO + ONE - TWO =
SEND 1

RECV 2 + 2 - 3 + 1 =
SEND 2

RECV 1 - 1 + 2 + 1 =
SEND 3

RECV 3 + 2 - 2 - 2 =
SEND 1

RECV 1 + 2 =
SEND 3

RECV 3 + 2 - 2 - 2 =
SEND 1

RECV 2 + 2 - 2 =
SEND 2

RECV 3 - 2 + 2 =
SEND 3

RECV 2 - 1 - 1 + 3 =
SEND 3

RECV 3 + 2 - 2 - 2 =
SEND 1

RECV 3 - (3 + 1) + 2 =
SEND 1

RECV 3 - (3 + 1) + 2 =
SEND 1

RECV 2 + 1 + 1 - 3 =
SEND 1

RECV 1 + 2 - 1 =
SEND 2

RECV 3 - 1 - 1 =
SEND 1

RECV 3 - 3 - 2 + 3 =
SEND 1

RECV (1 + 2) =
SEND 3

RECV 3 + 3 - 3 - 1 =
SEND 2

RECV 3 - (3 + 1) + 2 =
SEND 1

RECV 3 - 1 + 1 - 1 =
SEND 2

RECV 1 - 1 + 1 + 1 =
SEND 2

RECV 3 - 3 + 1 =
SEND 1

RECV 3 - 2 + 1 =
SEND 2

RECV 3 - 3 - 2 + 3 =
SEND 1

RECV 2 + 1 - 2 =
SEND 1

RECV 3 + 2 - 2 - 1 =
SEND 2

RECV 2 + 2 - 1 - 1 =
SEND 2

RECV 2 + 2 - 2 =
SEND 2

RECV 2^3 - 2^2 - 2 =
SEND 2

RECV 1 + 3 - 1 =
SEND 3

RECV 1 - 1 - 1 + 2 =
SEND 1

RECV 2 - 3 + 2 =
SEND 1

RECV 2 + 1 =
SEND 3

RECV THREE - (ONE + ONE) =
SEND 1

RECV 3 - 1 =
SEND 2

RECV 2 + 1 - 1 =
SEND 2

RECV 1 + 1 =
SEND 2

RECV 2 + 2 - 2 =
SEND 2

RECV 3 + 2 - 3 + 1 =
SEND 3

RECV 2^3 - 2^2 - 2 =
SEND 2

RECV 2 - 2 + 2 =
SEND 2

RECV 2 + 1 + 2 - 3 =
SEND 2

RECV 3 - (1 - 1) - 1 =
SEND 2

RECV THREE - ONE =
SEND 2

RECV 2 + 1 - 1 =
SEND 2

RECV ONE + TWO =
SEND 3

RECV 3^2 - 2 - ( 3 + 1) =
SEND 3

RECV THREE - TWO =
SEND 1

RECV 3 - 2 =
SEND 1

RECV 3 + (3 - 3) - 1 =
SEND 2

RECV 3 - 1 - 1 =
SEND 1

RECV ONE + TWO =
SEND 3

RECV 2 - 3 + 2 + 2 =
SEND 3

RECV 1 + 3 - 3 =
SEND 1

RECV 2 - 3 + 2 + 1 =
SEND 2

RECV (3 - 3) + 1 + 2 =
SEND 3

RECV THREE - ONE =
SEND 2

RECV 3 + 1 - 3 =
SEND 1

RECV 1 - 1 + 2 =
SEND 2

RECV 2 + 2 - 2 =
SEND 2

RECV 2 + 1 + 1 - 3 =
SEND 1

RECV 2 + 1 + 1 - 3 =
SEND 1

RECV 2 + 1 + 1 - 3 =
SEND 1

RECV 1 + 2 =
SEND 3

RECV THREE - (ONE + ONE) =
SEND 1

RECV 2 + 1 + 1 - 3 =
SEND 1

RECV 2 - 3 + 2 + 2 =
SEND 3

RECV 3 - 1 =
SEND 2

RECV 2 + 2 - 2 =
SEND 2

RECV 2 - 1 + 1 =
SEND 2

RECV 2^3 - 2^2 - 2 =
SEND 2

RECV 1 - 1 + 1 + 1 =
SEND 2

RECV 2 - 2 + 2 =
SEND 2

RECV 1 + 3 - 3 =
SEND 1

RECV (1 + 2) =
SEND 3

RECV 3 + (3 - 3) - 1 =
SEND 2

RECV 1 - 1 + 1 + 1 =
SEND 2

RECV 3 + 1 - 3 =
SEND 1

RECV 3 + 2 - 2 - 1 =
SEND 2

RECV 1 - 1 + 2 + 1 =
SEND 3

RECV 3 - 2 =
SEND 1

RECV 3 + 2 - 2 =
SEND 3

RECV 3 - (1 - 1) - 1 =
SEND 2

RECV 2 + 1 + 1 - 3 =
SEND 1

RECV 1 + 3 - 1 =
SEND 3

RECV 3 + 2 - 3 =
SEND 2

RECV (3 - 3) + 1 + 2 =
SEND 3

RECV 3 + 2 - 2 - 1 =
SEND 2

RECV 3^2 - 2^3 =
SEND 1

RECV 3 - 1 =
SEND 2

RECV 1 + 1 =
SEND 2

RECV 2 - 3 + 2 + 2 =
SEND 3

RECV 3 - 1 =
SEND 2

RECV 2 + 2 - 3 + 1 =
SEND 2

RECV 1 + 1 =
SEND 2

RECV 3 - 3 + 1 =
SEND 1

RECV 2 + 2 - 3 + 1 =
SEND 2

RECV 3 - 2 =
SEND 1

RECV 3 + 2 - 2 - 1 =
SEND 2

RECV (1 + 2) =
SEND 3

RECV 3 + 2 - 2 - 1 =
SEND 2

RECV 3 + 3 - 3 - 1 =
SEND 2

RECV 3 - 2 + 2 - 1 =
SEND 2

RECV 1 + 2 =
SEND 3

RECV 2 - 3 + 2 =
SEND 1

RECV 2 + [2 - 1] =
SEND 3

RECV 2 + {2 - 1} =
SEND 3

RECV 3 - 1 - 1 + 1 =
SEND 2

RECV 1 + 2 =
SEND 3

RECV 1 + 1 =
SEND 2

RECV 3 + 2 - 2 - 2 =
SEND 1

RECV 1 - 2 + 1 + 3 =
SEND 3

RECV 2 + 2 - 2 =
SEND 2

RECV 1 - 1 + 2 + 1 =
SEND 3

RECV 3 + 1 - 1 =
SEND 3

RECV 3 + 1 - 1 =
SEND 3

RECV 2 + {2 - 1} =
SEND 3

RECV 3 - 3 + 1 =
SEND 1

RECV (3 - 3) + 1 + 2 =
SEND 3

RECV 1-(1+1)+2 =
SEND 1

RECV 3 + 2 - 2 - 1 =
SEND 2

RECV ONE + TWO =
SEND 3

RECV 3 - (3 + 1) + 2 =
SEND 1

RECV 3 + 2 - 2 - 1 =
SEND 2

RECV 2 - 2 + 2 + 1 =
SEND 3

RECV 2 + 2 - 2 =
SEND 2

RECV 2 - 1 + 3 - 2 =
SEND 2

RECV 3 + 1 - 3 =
SEND 1

RECV 2 - 2 + 2 =
SEND 2

RECV 2 + 1 - 2 =
SEND 1

RECV 1 + 3 - 2 =
SEND 2

RECV 1 + 2 =
SEND 3

RECV 1 + 3 - 2 =
SEND 2

RECV 1 + 1 - 1 + 1 =
SEND 2

RECV 2 - 1 - 1 + 3 =
SEND 3

RECV 3 + 1 - 1 - 1 =
SEND 2

RECV 2 - 1 + 2 =
SEND 3

RECV 3 - (1 - 1) - 1 =
SEND 2

RECV 1 - 2 + 1 + 3 =
SEND 3

RECV 1 + 3 - 1 =
SEND 3

RECV 1-(1+1)+2 =
SEND 1

RECV 2 - 3 + 2 + 2 =
SEND 3

RECV ONE + TWO =
SEND 3

RECV 2 - 3 + 1 + 1 =
SEND 1

RECV 3 - 1 - 1 =
SEND 1

RECV 1 + 3 - 1 =
SEND 3

RECV 2 + 2 - 2 + 1 =
SEND 3

RECV 3 + 2 - 3 =
SEND 2

RECV 3 + 2 - 2 - 1 =
SEND 2

RECV 2 - 1 + 3 - 2 =
SEND 2

RECV 2 + 2 - 3 + 1 =
SEND 2

RECV 2 - 1 + 3 - 2 =
SEND 2

RECV 3 - (1 - 1) - 1 =
SEND 2

RECV 1 - 1 + 1 + 1 =
SEND 2

RECV 3 - 3 - 2 + 3 =
SEND 1

RECV 3 + 2 - 2 - 1 =
SEND 2

RECV 1 + 2 - 2 =
SEND 1

RECV 1 + 3 - 3 =
SEND 1

RECV TWO + ONE - TWO =
SEND 1

RECV 1 - 1 + 1 + 1 =
SEND 2

RECV 1 - 1 - 1 + 2 =
SEND 1

RECV 3 + 3 - 3 - 1 =
SEND 2

RECV 2 - 2 + 2 + 1 =
SEND 3

RECV 3 - (3 + 1) + 2 =
SEND 1

RECV 3 + 1 - 3 =
SEND 1

RECV 1 + 1 - 1 + 1 =
SEND 2

RECV TWO + ONE - TWO =
SEND 1

RECV THREE - ONE =
SEND 2

RECV 2 + 2 - 2 =
SEND 2

RECV 1 + 1 + 1 =
SEND 3

RECV 2 - 1 + 2 =
SEND 3

RECV 2 + 2 - 2 =
SEND 2

RECV 2 - 1 =
SEND 1

RECV 2 + 2 - 3 + 1 =
SEND 2

RECV 3 + 1 - 1 =
SEND 3

RECV 1 - 1 + 2 + 1 =
SEND 3

RECV 1 + 1 + 1 - 1 =
SEND 2

RECV 2 + 2 - 2 =
SEND 2

RECV 2 + [2 - 1] =
SEND 3

RECV 2 + 1 + 2 - 3 =
SEND 2

RECV 3 - 3 - 2 + 3 =
SEND 1

RECV 2 - 1 + 3 - 2 =
SEND 2

RECV 1 - 1 + 2 + 1 =
SEND 3

RECV 2 + [2 - 1] =
SEND 3

RECV 1 + 3 - 2 =
SEND 2

RECV 1 + 3 - 3 =
SEND 1

RECV 2 + 2 - 3 + 1 =
SEND 2

RECV 2 - 3 + 2 + 1 =
SEND 2

RECV 3 + 2 - 2 - 1 =
SEND 2

RECV 3^2 - 2^3 =
SEND 1

RECV 1 + 1 =
SEND 2

RECV 2 + 1 + 1 - 3 =
SEND 1

RECV 3 + 3 - 3 - 2 =
SEND 1

RECV 3^2 - 2 - ( 3 + 1) =
SEND 3

RECV (3 - 3) + 1 + 2 =
SEND 3

RECV 2 - 3 + 2 =
SEND 1

RECV 1 - 1 - 1 + 2 =
SEND 1

RECV 3 - 1 - 1 + 1 =
SEND 2

RECV 3 + 2 - 2 =
SEND 3

RECV 3 + 2 - 3 + 1 =
SEND 3

RECV 2 + 2 - 1 - 1 =
SEND 2

RECV 3^2 - 2^3 =
SEND 1

RECV 2 + 2 - 2 =
SEND 2

RECV 2 + 2 - 3 + 1 =
SEND 2

RECV 2 - 1 =
SEND 1

RECV 1 + 3 - 2 =
SEND 2

RECV 2 - 2 + 2 + 1 =
SEND 3

RECV 1 - 1 - 1 + 2 =
SEND 1

RECV 2 - 3 + 1 + 1 =
SEND 1

RECV 1 + 3 - 1 =
SEND 3

RECV 1 + 1 =
SEND 2

RECV 2 + 1 + 1 - 2 =
SEND 2

RECV 2 - 1 + 1 =
SEND 2

RECV 2 - 3 + 1 + 1 =
SEND 1

RECV ONE + TWO =
SEND 3

RECV 3 + 3 - 3 - 2 =
SEND 1

RECV 1 + 2 - 1 =
SEND 2

RECV 2 - 2 + 2 + 1 =
SEND 3

RECV 2 + 2 - 1 =
SEND 3

RECV 2 + 2 - 1 =
SEND 3

RECV 2 - 1 + 3 - 2 =
SEND 2

RECV 3 + 3 - 3 - 1 =
SEND 2

RECV 2 + {2 - 1} =
SEND 3

RECV 2 + 2 - 1 - 1 =
SEND 2

RECV 2 + 1 - 1 =
SEND 2

RECV 1 - 1 + 2 =
SEND 2

RECV 2 - 1 + 2 =
SEND 3

RECV 2 - 3 + 2 + 1 =
SEND 2

RECV THREE - ONE =
SEND 2

RECV 3^2 - 2^3 =
SEND 1

RECV 3 + 3 - 3 - 2 =
SEND 1

RECV 2 - 3 + 1 + 1 =
SEND 1

RECV THREE - (ONE + ONE) =
SEND 1

RECV 1 + 3 - 1 =
SEND 3

RECV 2 + 1 + 2 - 3 =
SEND 2

RECV 2^3 - 2^2 - 2 =
SEND 2

RECV 2 + 2 - 3 =
SEND 1

RECV 1 + 2 - 1 =
SEND 2

RECV 3 - (1 - 1) - 1 =
SEND 2

RECV 2 + 2 - 2 =
SEND 2

RECV TWO + ONE - TWO =
SEND 1

RECV (3 - 3) + 1 + 2 =
SEND 3

RECV 1 + 2 - 2 =
SEND 1

RECV 2 + 1 - 2 =
SEND 1

RECV (1 + 2) =
SEND 3

RECV 1 + 2 =
SEND 3

RECV 3^2 - 2 - ( 3 + 1) =
SEND 3

RECV 2 - 1 + 1 =
SEND 2

RECV 2 + 1 + 1 - 3 =
SEND 1

RECV 3 - 3 - 2 + 3 =
SEND 1

RECV 2 + 1 + 1 - 2 =
SEND 2

RECV 2 - 1 - 1 + 3 =
SEND 3

RECV 3 - 1 - 1 + 1 =
SEND 2

RECV ONE + TWO =
SEND 3

RECV 2 - 3 + 1 + 1 =
SEND 1

RECV ONE + TWO =
SEND 3

RECV 1 + 1 =
SEND 2

RECV 2 + 2 - 2 =
SEND 2

RECV 2 + [2 - 1] =
SEND 3

RECV 3 - 3 + 2 =
SEND 2

RECV 2 + 1 - 2 =
SEND 1

RECV 2 + 1 + 2 - 3 =
SEND 2

RECV 2 - 1 + 1 =
SEND 2

RECV 2 + 1 + 1 - 2 =
SEND 2

RECV 1 + 3 - 2 =
SEND 2

RECV THREE - TWO =
SEND 1

RECV 3^2 - 2^3 =
SEND 1

RECV 2 + 1 + 2 - 3 =
SEND 2

RECV 1 - 1 - 1 + 2 =
SEND 1

RECV 3 - 1 - 1 + 1 =
SEND 2

RECV 3 + 2 - 3 + 1 =
SEND 3

RECV 3 - 1 - 1 + 1 =
SEND 2

RECV 2 + 1 =
SEND 3

RECV 2 - 2 + 2 =
SEND 2

RECV 1 + 2 =
SEND 3

RECV 3 + 1 - 2 =
SEND 2

RECV 3 + 2 - 3 =
SEND 2

RECV 1 - 1 - 1 + 2 =
SEND 1

RECV 2 + 1 + 2 - 3 =
SEND 2

RECV 1 + 3 - 2 =
SEND 2

RECV 2 - 1 + 3 - 2 =
SEND 2

RECV 2 + 1 + 1 - 3 =
SEND 1

RECV 2 - 2 + 2 =
SEND 2

RECV 2 - 2 + 2 =
SEND 2

RECV ONE + TWO =
SEND 3

RECV 1-(1+1)+2 =
SEND 1

RECV 3 - 1 + 1 =
SEND 3

RECV 2 - 1 + 2 =
SEND 3

RECV 1 + 2 - 2 =
SEND 1

RECV 1 - 2 + 1 + 3 =
SEND 3

RECV 3 + 1 - 1 - 1 =
SEND 2

RECV 3 + (3 - 3) - 1 =
SEND 2

RECV 3 - 2 + 1 =
SEND 2

RECV 1 + 1 + 1 =
SEND 3

RECV 1 - 1 - 1 + 2 =
SEND 1

RECV 2 + [2 - 1] =
SEND 3

RECV 3 + 2 - 2 - 1 =
SEND 2

RECV 1 + 1 + 1 =
SEND 3

RECV 1 + 1 - 1 + 1 =
SEND 2

RECV 2 + 2 - 3 =
SEND 1

RECV 3 - 2 + 2 =
SEND 3

RECV 2 + 1 + 1 - 2 =
SEND 2

RECV 1 + 3 - 2 =
SEND 2

RECV 2 + 2 - 1 =
SEND 3

RECV 2 - 1 + 1 =
SEND 2

RECV (3 - 3) + 1 + 2 =
SEND 3

RECV THREE - ONE =
SEND 2

RECV 3 + 1 - 1 - 1 =
SEND 2

RECV 3 + 1 - 1 - 1 =
SEND 2

RECV 2 - 1 + 3 - 2 =
SEND 2

RECV 1 - 2 + 1 + 3 =
SEND 3

RECV 3 - 2 + 2 =
SEND 3

RECV 2 - 1 + 3 - 2 =
SEND 2

RECV (1 + 2) =
SEND 3

RECV TWO + ONE - TWO =
SEND 1

RECV 1 + 3 - 1 =
SEND 3

RECV 3 - 2 + 1 =
SEND 2

RECV 2 + 2 - 2 =
SEND 2

RECV 2 + 2 - 2 =
SEND 2

RECV 2 + 2 - 3 + 1 =
SEND 2

RECV 2 + 2 - 2 + 1 =
SEND 3

RECV 2 + 1 - 2 =
SEND 1

RECV 1 + 1 - 1 + 1 =
SEND 2

RECV 1 + 2 - 1 =
SEND 2

RECV 3 + 2 - 2 - 2 =
SEND 1

RECV THREE - TWO =
SEND 1

RECV 1 + 3 - 1 =
SEND 3

RECV 1 + 1 + 1 - 1 =
SEND 2

RECV 3 + 2 - 2 - 1 =
SEND 2

RECV 2 + 2 - 1 =
SEND 3

RECV 1 + 1 =
SEND 2

RECV 3^2 - 2^3 =
SEND 1

RECV 2 + 2 - 2 =
SEND 2

RECV 1 + 1 + 1 - 1 =
SEND 2

RECV 2 + 2 - 2 + 1 =
SEND 3

RECV 2 + 1 + 1 - 2 =
SEND 2

RECV 2 + 2 - 2 =
SEND 2

RECV 2 - 3 + 2 + 2 =
SEND 3

RECV 3 + 3 - 3 - 2 =
SEND 1

RECV 3 - 1 =
SEND 2

RECV 1 - 1 + 2 + 1 =
SEND 3

RECV 3 - 1 + 1 =
SEND 3

RECV 2 + 2 - 1 - 1 =
SEND 2

RECV 2 - 1 =
SEND 1

RECV 1 + 3 - 1 =
SEND 3

RECV 2 - 3 + 2 + 1 =
SEND 2

RECV 3 - (3 + 1) + 2 =
SEND 1

RECV 1 - 2 + 1 + 3 =
SEND 3

RECV 2 + 1 - 1 =
SEND 2

RECV 3^2 - 2 - ( 3 + 1) =
SEND 3

RECV 2 - 1 - 1 + 3 =
SEND 3

RECV 3 + 2 - 2 - 2 =
SEND 1

RECV 3 + 1 - 2 =
SEND 2

RECV 3 - 1 =
SEND 2

RECV 2 - 3 + 2 =
SEND 1

RECV 3 - 3 + 1 =
SEND 1

RECV 2 - 2 + 2 =
SEND 2

RECV 3 + 1 - 1 =
SEND 3

RECV 3 - 1 - 1 + 1 =
SEND 2

RECV 1 + 2 =
SEND 3

RECV 3 + 2 - 3 =
SEND 2

RECV 3 - (3 + 1) + 2 =
SEND 1

RECV 1 + 1 + 1 - 1 =
SEND 2

RECV 3 - 3 - 2 + 3 =
SEND 1

RECV 2 + 2 - 1 =
SEND 3

RECV 3 - 1 - 1 =
SEND 1

RECV 2 + 2 - 1 =
SEND 3

RECV 2^3 - 2^2 - 2 =
SEND 2

RECV 3 - 2 + 1 =
SEND 2

RECV 3 - 1 =
SEND 2

RECV 3 - 3 + 2 =
SEND 2

RECV 3^2 - 2^3 =
SEND 1

RECV 2 + 1 + 1 - 2 =
SEND 2

RECV 3^2 - 2 - ( 3 + 1) =
SEND 3

RECV 3^2 - 2 - ( 3 + 1) =
SEND 3

RECV 3 - 2 =
SEND 1

RECV 2 - 3 + 1 + 1 =
SEND 1

RECV 3 - 2 + 2 =
SEND 3

RECV 2 - 1 - 1 + 3 =
SEND 3

RECV 3 - 2 + 2 - 1 =
SEND 2

RECV 2 + 2 - 1 - 1 =
SEND 2

RECV 1 - 1 - 1 + 2 =
SEND 1

RECV 3 - (3 + 1) + 2 =
SEND 1

RECV 2 + 2 - 1 =
SEND 3

RECV (3 - 3) + 1 + 2 =
SEND 3

RECV 2 - 2 + 2 + 1 =
SEND 3

RECV 2 + 2 - 1 - 1 =
SEND 2

RECV 1 + 3 - 3 =
SEND 1

RECV 2 + 2 - 2 + 1 =
SEND 3

RECV 1 + 1 + 1 =
SEND 3

RECV 2 + 2 - 3 + 1 =
SEND 2

RECV 3 - 2 =
SEND 1

RECV 2 + 1 - 2 =
SEND 1

RECV 1 - 2 + 1 + 3 =
SEND 3

RECV 3 + 1 - 1 =
SEND 3

RECV TWO + ONE - TWO =
SEND 1

RECV 2 - 3 + 2 + 2 =
SEND 3

RECV 3 + 2 - 3 =
SEND 2

RECV 2 - 3 + 2 =
SEND 1

RECV 2 + 1 =
SEND 3

RECV 3 - 1 + 1 - 1 =
SEND 2

RECV 3 - 2 + 2 - 1 =
SEND 2

RECV 3 - 2 =
SEND 1

RECV 1 + 3 - 2 =
SEND 2

RECV 1 + 2 =
SEND 3

RECV 1 + 1 + 1 =
SEND 3

RECV 1 + 1 + 1 =
SEND 3

RECV 3 - 2 =
SEND 1

RECV 2 + 1 =
SEND 3

RECV 3 - 3 + 1 =
SEND 1

RECV 3 + 1 - 1 =
SEND 3

RECV 3 - 2 + 2 - 1 =
SEND 2

RECV (1 + 2) =
SEND 3

RECV TWO + ONE - TWO =
SEND 1

RECV 2^3 - 2^2 - 2 =
SEND 2

RECV 1 + 2 =
SEND 3

RECV 2 + {2 - 1} =
SEND 3

RECV 2 + 1 + 2 - 3 =
SEND 2

RECV 3 + 2 - 2 =
SEND 3

RECV TWO + ONE - TWO =
SEND 1

RECV 1 + 3 - 1 =
SEND 3

RECV 2 + 2 - 1 =
SEND 3

RECV 3 - 3 + 2 =
SEND 2

RECV 3 - 2 + 1 =
SEND 2

RECV 3 + 2 - 2 - 2 =
SEND 1

RECV 1 + 1 - 1 + 1 =
SEND 2

RECV 1 + 3 - 1 =
SEND 3

RECV 3 + 2 - 2 - 1 =
SEND 2

RECV 3 + 1 - 2 =
SEND 2

RECV 3 + 3 - 3 - 1 =
SEND 2

RECV 2 + 2 - 3 =
SEND 1

RECV 3 - 2 =
SEND 1

RECV (1 + 2) =
SEND 3

RECV 3 + 2 - 2 =
SEND 3

RECV 1 + 1 + 1 =
SEND 3

RECV 2 + 1 - 2 =
SEND 1

RECV 1 + 2 =
SEND 3

RECV 3 + 1 - 2 =
SEND 2

RECV 2 + 2 - 2 =
SEND 2

RECV 2 + 1 - 1 =
SEND 2

RECV 3 - 1 =
SEND 2

RECV 1 + 3 - 2 =
SEND 2

RECV 2 + 2 - 3 =
SEND 1

RECV 2 + 2 - 3 =
SEND 1

RECV 3 + 2 - 3 + 1 =
SEND 3

RECV 1 + 2 - 2 =
SEND 1

RECV 2 + 1 - 2 =
SEND 1

RECV 3 - 2 =
SEND 1

RECV 2 + 2 - 2 =
SEND 2

RECV ONE + TWO =
SEND 3

RECV 2^3 - 2^2 - 2 =
SEND 2

RECV 2 - 3 + 2 + 2 =
SEND 3

RECV 2 + 1 + 2 - 3 =
SEND 2

RECV 2 - 1 + 1 =
SEND 2

RECV 2 + 2 - 2 + 1 =
SEND 3

RECV 3 - 3 + 1 =
SEND 1

RECV (1 + 2) =
SEND 3

RECV 3 - 2 + 1 =
SEND 2

RECV 1 - 1 + 2 + 1 =
SEND 3

RECV 2 + 1 =
SEND 3

RECV 2 + 2 - 3 =
SEND 1

RECV 3 + 3 - 3 - 2 =
SEND 1

RECV 1 - 1 + 1 + 1 =
SEND 2

RECV 1 + 3 - 1 =
SEND 3

RECV 3 - 3 + 1 =
SEND 1

RECV 2 - 3 + 2 =
SEND 1

RECV 3 - 3 - 2 + 3 =
SEND 1

RECV 3 - (1 - 1) - 1 =
SEND 2

RECV 2 - 3 + 1 + 1 =
SEND 1

RECV 2^3 - 2^2 - 2 =
SEND 2

RECV THREE - ONE =
SEND 2

RECV THREE - (ONE + ONE) =
SEND 1

RECV 3 + 2 - 2 - 1 =
SEND 2

RECV 1 + 2 - 1 =
SEND 2

RECV 1 + 2 - 2 =
SEND 1

RECV 1 - 2 + 1 + 3 =
SEND 3

RECV 3 + 2 - 2 - 2 =
SEND 1

RECV 3 + (3 - 3) - 1 =
SEND 2

RECV 2 - 1 + 3 - 2 =
SEND 2

RECV (3 - 3) + 1 + 2 =
SEND 3

RECV 1 - 1 + 2 =
SEND 2

RECV 2 + [2 - 1] =
SEND 3

RECV 3 + (3 - 3) - 1 =
SEND 2

RECV 3 + 3 - 3 - 1 =
SEND 2

RECV 3 - 1 + 1 =
SEND 3

RECV 2 + [2 - 1] =
SEND 3

RECV 1 - 1 + 1 + 1 =
SEND 2

RECV 1 + 3 - 1 =
SEND 3

RECV 3 - 3 + 1 =
SEND 1

RECV 3^2 - 2 - ( 3 + 1) =
SEND 3

RECV 1 + 1 - 1 + 1 =
SEND 2

RECV THREE - (ONE + ONE) =
SEND 1

RECV 3 + 1 - 1 =
SEND 3

RECV 2 - 1 + 2 =
SEND 3

RECV 3 - 3 + 1 =
SEND 1

RECV 1 - 1 - 1 + 2 =
SEND 1

RECV 2 + 2 - 2 + 1 =
SEND 3

RECV 3 - 2 =
SEND 1

RECV 2 + 1 - 2 =
SEND 1

RECV 2 + 1 + 1 - 3 =
SEND 1

RECV 1 + 3 - 2 =
SEND 2

RECV 2 + 1 + 2 - 3 =
SEND 2

RECV 2 - 3 + 2 + 1 =
SEND 2

RECV 2 - 2 + 2 + 1 =
SEND 3

RECV 1 + 2 - 1 =
SEND 2

RECV 1 + 2 - 1 =
SEND 2

RECV 1 + 1 =
SEND 2

RECV 3 - 1 + 1 =
SEND 3

RECV 3 - 3 + 1 =
SEND 1

RECV THREE - (ONE + ONE) =
SEND 1

RECV 1 + 1 - 1 + 1 =
SEND 2

RECV 1 - 2 + 1 + 3 =
SEND 3

RECV 3 - (3 + 1) + 2 =
SEND 1

RECV 2 + 2 - 2 =
SEND 2

RECV 2 + 1 + 1 - 2 =
SEND 2

RECV 1 - 1 - 1 + 2 =
SEND 1

RECV 2 - 3 + 2 + 2 =
SEND 3

RECV 3 + 1 - 1 =
SEND 3

RECV 1-(1+1)+2 =
SEND 1

RECV THREE - ONE =
SEND 2

RECV 3 - 1 - 1 =
SEND 1

RECV 3 + 3 - 3 - 1 =
SEND 2

RECV 2 + 2 - 2 =
SEND 2

RECV 2 + 1 + 2 - 3 =
SEND 2

RECV 1 + 2 =
SEND 3

RECV 2 + 2 - 3 + 1 =
SEND 2

RECV 1 + 1 + 1 - 1 =
SEND 2

RECV 3 + 3 - 3 - 2 =
SEND 1

RECV 1 + 2 =
SEND 3

RECV 3 + 1 - 1 =
SEND 3

RECV 2 - 1 + 1 =
SEND 2

RECV (3 - 3) + 1 + 2 =
SEND 3

RECV 3 + 2 - 2 - 2 =
SEND 1

RECV 2 + 2 - 2 =
SEND 2

RECV 1 + 3 - 1 =
SEND 3

RECV 3 - 1 + 1 =
SEND 3

RECV 3 - (1 - 1) - 1 =
SEND 2

RECV 3 - (3 + 1) + 2 =
SEND 1

RECV 1 + 1 + 1 - 1 =
SEND 2

RECV 1 + 2 - 2 =
SEND 1

RECV 3 - 1 - 1 + 1 =
SEND 2

RECV ONE + TWO =
SEND 3

RECV 1 + 2 =
SEND 3

RECV 3 - 2 =
SEND 1

RECV 2 + 1 + 1 - 3 =
SEND 1

RECV 3 - 2 + 2 - 1 =
SEND 2

RECV 1 - 1 + 1 + 1 =
SEND 2

RECV 1 + 3 - 3 =
SEND 1

RECV 3 - 1 + 1 - 1 =
SEND 2

RECV 2 - 1 + 2 =
SEND 3

RECV 1 - 1 + 2 + 1 =
SEND 3

RECV 2 + 1 - 2 =
SEND 1

RECV 1 + 1 - 1 + 1 =
SEND 2

RECV 3 + 1 - 3 =
SEND 1

RECV (3 - 3) + 1 + 2 =
SEND 3

RECV 2 - 2 + 2 + 1 =
SEND 3

RECV 3 - (3 + 1) + 2 =
SEND 1

RECV 3 + 2 - 2 - 2 =
SEND 1

RECV 2 + 2 - 2 + 1 =
SEND 3

RECV 2 - 3 + 2 =
SEND 1

RECV 3 - 1 - 1 + 1 =
SEND 2

RECV 3 + 2 - 3 =
SEND 2

RECV 1 + 2 - 2 =
SEND 1

RECV 2 + {2 - 1} =
SEND 3

RECV 3 - 3 - 2 + 3 =
SEND 1

RECV 2^3 - 2^2 - 2 =
SEND 2

RECV 3 + 1 - 1 =
SEND 3

RECV 2 + [2 - 1] =
SEND 3

RECV (1 + 2) =
SEND 3

RECV TWO + ONE - TWO =
SEND 1

RECV 1 - 1 - 1 + 2 =
SEND 1

RECV 3^2 - 2 - ( 3 + 1) =
SEND 3

RECV 3 + 1 - 2 =
SEND 2

RECV 2 - 1 + 3 - 2 =
SEND 2

RECV 3 - 2 =
SEND 1

RECV (3 - 3) + 1 + 2 =
SEND 3

RECV 3 + 1 - 3 =
SEND 1

RECV ONE + TWO =
SEND 3

RECV 1 + 1 + 1 =
SEND 3

RECV 3 + 2 - 3 =
SEND 2

RECV 2 + 2 - 2 + 1 =
SEND 3

You won!!!
The flag is: Farva says you are a FickenChucker and you'd better watch Super Troopers 2
ý

[*] Closed connection to mathwhiz_c951d46fed68687ad93a84e702800b7a.quals.shallweplayaga.me port 21249
